<?xml version="1.0" encoding="UTF-8"?>
<testsuite name="runners.cukesRunner" time="218.389" tests="31" errors="0" skipped="0" failures="0">
  <properties>
[...]
</properties>
  <testcase name="Verify Title of the Page" classname="Home Page tests" time="8.295"/>
  <testcase name="Log in credentials test" classname="Home Page tests" time="14.071"/>
  <testcase name="Sign out test" classname="Home Page tests" time="12.1"/>
  <testcase name="Navigation bar test" classname="Home Page tests" time="7.445"/>
  <testcase name="I&apos;m hungry button test" classname="Home Page tests" time="7.52"/>
  <testcase name="Show me more button test" classname="Home Page tests" time="6.847"/>
  <testcase name="Search Restaurants test - Search button" classname="Home Page tests" time="8.88"/>
  <testcase name="Verify all necessary fields available" classname="Search Restaurant Page tests" time="4.609"/>
  <testcase name="Verify Search By field options" classname="Search Restaurant Page tests" time="4.758"/>
  <testcase name="Verify rating options" classname="Search Restaurant Page tests" time="4.476"/>
  <testcase name="Verify food options" classname="Search Restaurant Page tests" time="9.171"/>
  <testcase name="Verify zip code field enable to enter zip code" classname="Search Restaurant Page tests" time="4.649"/>
  <testcase name="Verify Zip code field accepts only valid zip codes" classname="Search Restaurant Page tests" time="13.002"/>
  <testcase name="Verify Search result test" classname="Search Restaurant Page tests" time="11.336"/>
  <testcase name="Verify additional links in Search result" classname="Search Restaurant Page tests" time="12.023"/>
  <testcase name="Verify Address line contains my current location" classname="Search Restaurant Page tests" time="10.641"/>
  <testcase name="Verify entered zip code displayed after click the search button" classname="Search Restaurant Page tests" time="7.836"/>
  <testcase name="Verify Search by rating" classname="Search Restaurant Page tests" time="9.525"/>
  <testcase name="Verify Search by rating" classname="Search Restaurant Page tests" time="5.474"/>
  <testcase name="Verify Search by Type of food" classname="Search Restaurant Page tests" time="9.331"/>
  <testcase name="Verify Search by Type of food" classname="Search Restaurant Page tests" time="5.973"/>
  <testcase name="Verify Search by Type of food" classname="Search Restaurant Page tests" time="9.896"/>
  <testcase name="Verify Search by Type of food" classname="Search Restaurant Page tests" time="5.748"/>
  <testcase name="Verify Search by Type of food" classname="Search Restaurant Page tests" time="9.421"/>
  <testcase name="Verify Search by Type of food" classname="Search Restaurant Page tests" time="6.673"/>
  <testcase name="Verify Search by Type of food" classname="Search Restaurant Page tests" time="11.222"/>
  <testcase name="Verify Search by Type of food" classname="Search Restaurant Page tests" time="5.545"/>
  <testcase name="Verify Search Restaurant based on name" classname="Search Restaurant Page tests" time="11.903"/>
  <testcase name="Verify Reviews information" classname="Search Restaurant Page tests" time="12.238"/>
  <testcase name="Verify Directions information" classname="Search Restaurant Page tests" time="12.536"/>
  <testcase name="Verify Share button information" classname="Search Restaurant Page tests" time="15.197"/>
</testsuite>